<?xml version="1.0" encoding="utf-8"?><testsuites name="pytest tests"><testsuite name="pytest" errors="0" failures="0" skipped="0" tests="43" time="6.288" timestamp="2026-09-16T16:25:12.700205+00:00" hostname="localhost"><testcase classname="tests.test_lab" name="test_all_lesson_answers[01-sensors-6]" time="0.179" /><testcase classname="tests.test_lab" name="test_all_lesson_answers[02-deployments-7]" time="0.005" /><testcase classname="tests.test_lab" name="test_all_lesson_answers[03-bom-4]" time="0.005" /><testcase classname="tests.test_lab" name="test_all_lesson_answers[04-observations-24]" time="0.008" /><testcase classname="tests.test_lab" name="test_all_lesson_answers[05-expired-3]" time="0.027" /><testcase classname="tests.test_lab" name="test_all_lesson_answers[06-unknown-4]" time="0.010" /><testcase classname="tests.test_lab" name="test_all_lesson_answers[07-impact-3]" time="0.059" /><testcase classname="tests.test_lab" name="test_all_lesson_answers[08-provenance-4]" time="0.005" /><testcase classname="tests.test_lab" name="test_all_lesson_answers[09-construct-15]" time="0.032" /><testcase classname="tests.test_lab" name="test_all_lesson_answers[10-contract-True]" time="0.004" /><testcase classname="tests.test_lab" name="test_all_lesson_answers[11-comparable-5]" time="0.017" /><testcase classname="tests.test_lab" name="test_all_lesson_answers[12-sources-9]" time="0.017" /><testcase classname="tests.test_lab" name="test_manifest_hashes" time="0.002" /><testcase classname="tests.test_lab" name="test_samples_are_separate_from_graph" time="0.025" /><testcase classname="tests.test_lab" name="test_mean_excludes_suspect_samples" time="0.004" /><testcase classname="tests.test_lab" name="test_historical_installation_is_not_current_installation" time="0.000" /><testcase classname="tests.test_lab" name="test_missing_vs_expired_are_separate" time="0.040" /><testcase classname="tests.test_lab" name="test_hypothetical_certificate_suppresses_old_expiry_without_mutation" time="0.089" /><testcase classname="tests.test_lab" name="test_unit_repair_is_scoped" time="0.049" /><testcase classname="tests.test_lab" name="test_calibration_expiring_during_window_is_detected" time="0.209" /><testcase classname="tests.test_lab" name="test_expiry_equal_to_last_sample_is_outside_half_open_interval" time="0.049" /><testcase classname="tests.test_lab" name="test_calibration_start_is_inclusive" time="0.050" /><testcase classname="tests.test_lab" name="test_unapproved_replacement_does_not_suppress_alert" time="0.050" /><testcase classname="tests.test_lab" name="test_query_policy_rejects_fetch_and_writes[SELECT * WHERE { SERVICE &lt;http://127.0.0.1:1/&gt; { ?s ?p ?o } }]" time="0.004" /><testcase classname="tests.test_lab" name="test_query_policy_rejects_fetch_and_writes[SELECT * WHERE { SERVICE SILENT &lt;https://example.org/&gt; { ?s ?p ?o } }]" time="0.003" /><testcase classname="tests.test_lab" name="test_query_policy_rejects_fetch_and_writes[SELECT * FROM &lt;file:///etc/passwd&gt; WHERE { ?s ?p ?o }]" time="0.001" /><testcase classname="tests.test_lab" name="test_query_policy_rejects_fetch_and_writes[SELECT * FROM NAMED &lt;https://example.org/&gt; WHERE { GRAPH ?g { ?s ?p ?o } }]" time="0.005" /><testcase classname="tests.test_lab" name="test_query_policy_rejects_fetch_and_writes[INSERT DATA { &lt;urn:a&gt; &lt;urn:b&gt; &lt;urn:c&gt; }]" time="0.001" /><testcase classname="tests.test_lab" name="test_query_policy_rejects_fetch_and_writes[DELETE WHERE { ?s ?p ?o }]" time="0.000" /><testcase classname="tests.test_lab" name="test_query_policy_rejects_fetch_and_writes[LOAD &lt;https://example.org/&gt;]" time="0.000" /><testcase classname="tests.test_lab" name="test_query_policy_rejects_fetch_and_writes[DESCRIBE &lt;urn:a&gt;]" time="0.001" /><testcase classname="tests.test_lab" name="test_service_word_in_literal_is_not_a_false_positive" time="0.002" /><testcase classname="tests.test_lab" name="test_actual_worker_returns_real_bindings" time="0.936" /><testcase classname="tests.test_lab" name="test_result_cap_is_reported" time="0.007" /><testcase classname="tests.test_lab" name="test_oversized_query_is_rejected" time="0.000" /><testcase classname="tests.test_lab" name="test_worker_wallclock_limit" time="0.002" /><testcase classname="tests.test_lab" name="test_health_and_static_assets" time="0.012" /><testcase classname="tests.test_lab" name="test_api_query_and_standard_result_format" time="1.860" /><testcase classname="tests.test_lab" name="test_construct_protocol_returns_turtle" time="1.007" /><testcase classname="tests.test_lab" name="test_sql_injection_does_not_expand_scope" time="0.004" /><testcase classname="tests.test_lab" name="test_source_allowlist" time="0.238" /><testcase classname="tests.test_lab" name="test_cross_origin_and_unknown_host_rejected" time="0.004" /><testcase classname="tests.test_lab" name="test_api_syntax_error_is_actionable" time="0.900" /></testsuite></testsuites>